# dmidecode 3.0
Getting SMBIOS data from sysfs.
SMBIOS 2.7 present.

Handle 0x000D, DMI type 16, 23 bytes
Physical Memory Array
	Location: System Board Or Motherboard
	Use: System Memory
	Error Correction Type: None
	Maximum Capacity: 32 GB
	Error Information Handle: Not Provided
	Number Of Devices: 4

Handle 0x000E, DMI type 17, 34 bytes
Memory Device
	Array Handle: 0x000D
	Error Information Handle: Not Provided
	Total Width: Unknown
	Data Width: Unknown
	Size: No Module Installed
	Form Factor: DIMM
	Set: None
	Locator: DIMM4
	Bank Locator: BANK 3
	Type: Unknown
	Type Detail: None
	Speed: Unknown
	Manufacturer:     
	Serial Number: [Empty]
	Asset Tag: 9876543210
	Part Number: [Empty]
	Rank: Unknown
	Configured Clock Speed: Unknown

Handle 0x000F, DMI type 17, 34 bytes
Memory Device
	Array Handle: 0x000D
	Error Information Handle: Not Provided
	Total Width: Unknown
	Data Width: Unknown
	Size: No Module Installed
	Form Factor: DIMM
	Set: None
	Locator: DIMM3
	Bank Locator: BANK 2
	Type: Unknown
	Type Detail: None
	Speed: Unknown
	Manufacturer: [Empty]
	Serial Number: [Empty]
	Asset Tag: 9876543210
	Part Number: [Empty]
	Rank: Unknown
	Configured Clock Speed: Unknown

Handle 0x0010, DMI type 17, 34 bytes
Memory Device
	Array Handle: 0x000D
	Error Information Handle: Not Provided
	Total Width: 64 bits
	Data Width: 64 bits
	Size: 4096 MB
	Form Factor: DIMM
	Set: None
	Locator: DIMM2
	Bank Locator: BANK 1
	Type: DDR3
	Type Detail: Synchronous
	Speed: 1600 MHz
	Manufacturer: 1315
	Serial Number: 51360000
	Asset Tag: 9876543210
	Part Number: CT51264BA160BJ.C8 
	Rank: 1
	Configured Clock Speed: 1600 MHz

Handle 0x0012, DMI type 17, 34 bytes
Memory Device
	Array Handle: 0x000D
	Error Information Handle: Not Provided
	Total Width: 64 bits
	Data Width: 64 bits
	Size: 4096 MB
	Form Factor: DIMM
	Set: None
	Locator: DIMM1
	Bank Locator: BANK 0
	Type: DDR3
	Type Detail: Synchronous
	Speed: 1600 MHz
	Manufacturer: Hynix/Hyundai
	Serial Number: 0025E8E6
	Asset Tag: 9876543210
	Part Number: HMT351U6EFR8C-PB  
	Rank: 2
	Configured Clock Speed: 1600 MHz

