# dmidecode 2.12
SMBIOS 2.6 present.

Handle 0x1000, DMI type 16, 15 bytes
Physical Memory Array
	Location: System Board Or Motherboard
	Use: System Memory
	Error Correction Type: Multi-bit ECC
	Maximum Capacity: 96 GB
	Error Information Handle: Not Provided
	Number Of Devices: 12

Handle 0x1100, DMI type 17, 28 bytes
Memory Device
	Array Handle: 0x1000
	Error Information Handle: Not Provided
	Total Width: 72 bits
	Data Width: 64 bits
	Size: No Module Installed
	Form Factor: DIMM
	Set: 1
	Locator: DIMM_A1 
	Bank Locator: Not Specified
	Type: DDR3
	Type Detail: Synchronous
	Speed: Unknown
	Manufacturer:             
	Serial Number:         
	Asset Tag:         
	Part Number:                   
	Rank: Unknown

Handle 0x1101, DMI type 17, 28 bytes
Memory Device
	Array Handle: 0x1000
	Error Information Handle: Not Provided
	Total Width: 72 bits
	Data Width: 64 bits
	Size: 4096 MB
	Form Factor: DIMM
	Set: 1
	Locator: DIMM_A2 
	Bank Locator: Not Specified
	Type: DDR3
	Type Detail: Synchronous Registered (Buffered)
	Speed: 1066 MHz
	Manufacturer: 80AD00B380AD
	Serial Number: 16102B7D
	Asset Tag: 01092761
	Part Number: HMT151R7BFR4C-G7  
	Rank: 2

Handle 0x1102, DMI type 17, 28 bytes
Memory Device
	Array Handle: 0x1000
	Error Information Handle: Not Provided
	Total Width: 72 bits
	Data Width: 64 bits
	Size: 4096 MB
	Form Factor: DIMM
	Set: 2
	Locator: DIMM_A3 
	Bank Locator: Not Specified
	Type: DDR3
	Type Detail: Synchronous Registered (Buffered)
	Speed: 1066 MHz
	Manufacturer: 80AD00B380AD
	Serial Number: 16302B86
	Asset Tag: 01092761
	Part Number: HMT151R7BFR4C-G7  
	Rank: 2

Handle 0x1103, DMI type 17, 28 bytes
Memory Device
	Array Handle: 0x1000
	Error Information Handle: Not Provided
	Total Width: 72 bits
	Data Width: 64 bits
	Size: No Module Installed
	Form Factor: DIMM
	Set: 2
	Locator: DIMM_A4 
	Bank Locator: Not Specified
	Type: DDR3
	Type Detail: Synchronous
	Speed: Unknown
	Manufacturer:             
	Serial Number:         
	Asset Tag:         
	Part Number:                   
	Rank: Unknown

Handle 0x1104, DMI type 17, 28 bytes
Memory Device
	Array Handle: 0x1000
	Error Information Handle: Not Provided
	Total Width: 72 bits
	Data Width: 64 bits
	Size: 4096 MB
	Form Factor: DIMM
	Set: 3
	Locator: DIMM_A5 
	Bank Locator: Not Specified
	Type: DDR3
	Type Detail: Synchronous Registered (Buffered)
	Speed: 1066 MHz
	Manufacturer: 80AD00B380AD
	Serial Number: 16A02BA9
	Asset Tag: 01092761
	Part Number: HMT151R7BFR4C-G7  
	Rank: 2

Handle 0x1105, DMI type 17, 28 bytes
Memory Device
	Array Handle: 0x1000
	Error Information Handle: Not Provided
	Total Width: 72 bits
	Data Width: 64 bits
	Size: 4096 MB
	Form Factor: DIMM
	Set: 3
	Locator: DIMM_A6 
	Bank Locator: Not Specified
	Type: DDR3
	Type Detail: Synchronous Registered (Buffered)
	Speed: 1066 MHz
	Manufacturer: 80AD00B380AD
	Serial Number: 16502B87
	Asset Tag: 01092761
	Part Number: HMT151R7BFR4C-G7  
	Rank: 2

Handle 0x1109, DMI type 17, 28 bytes
Memory Device
	Array Handle: 0x1000
	Error Information Handle: Not Provided
	Total Width: 72 bits
	Data Width: 64 bits
	Size: No Module Installed
	Form Factor: DIMM
	Set: 5
	Locator: DIMM_B1 
	Bank Locator: Not Specified
	Type: DDR3
	Type Detail: Synchronous
	Speed: Unknown
	Manufacturer:             
	Serial Number:         
	Asset Tag:         
	Part Number:                   
	Rank: Unknown

Handle 0x110A, DMI type 17, 28 bytes
Memory Device
	Array Handle: 0x1000
	Error Information Handle: Not Provided
	Total Width: 72 bits
	Data Width: 64 bits
	Size: 4096 MB
	Form Factor: DIMM
	Set: 6
	Locator: DIMM_B2 
	Bank Locator: Not Specified
	Type: DDR3
	Type Detail: Synchronous Registered (Buffered)
	Speed: 1066 MHz
	Manufacturer: 80AD00B380AD
	Serial Number: 16602B96
	Asset Tag: 01092761
	Part Number: HMT151R7BFR4C-G7  
	Rank: 2

Handle 0x110B, DMI type 17, 28 bytes
Memory Device
	Array Handle: 0x1000
	Error Information Handle: Not Provided
	Total Width: 72 bits
	Data Width: 64 bits
	Size: 4096 MB
	Form Factor: DIMM
	Set: 6
	Locator: DIMM_B3 
	Bank Locator: Not Specified
	Type: DDR3
	Type Detail: Synchronous Registered (Buffered)
	Speed: 1066 MHz
	Manufacturer: 80AD00B380AD
	Serial Number: 16C02BA9
	Asset Tag: 01092761
	Part Number: HMT151R7BFR4C-G7  
	Rank: 2

Handle 0x110C, DMI type 17, 28 bytes
Memory Device
	Array Handle: 0x1000
	Error Information Handle: Not Provided
	Total Width: 72 bits
	Data Width: 64 bits
	Size: No Module Installed
	Form Factor: DIMM
	Set: 4
	Locator: DIMM_B4 
	Bank Locator: Not Specified
	Type: DDR3
	Type Detail: Synchronous
	Speed: Unknown
	Manufacturer:             
	Serial Number:         
	Asset Tag:         
	Part Number:                   
	Rank: Unknown

Handle 0x110D, DMI type 17, 28 bytes
Memory Device
	Array Handle: 0x1000
	Error Information Handle: Not Provided
	Total Width: 72 bits
	Data Width: 64 bits
	Size: 4096 MB
	Form Factor: DIMM
	Set: 5
	Locator: DIMM_B5 
	Bank Locator: Not Specified
	Type: DDR3
	Type Detail: Synchronous Registered (Buffered)
	Speed: 1066 MHz
	Manufacturer: 80AD00B380AD
	Serial Number: 16402B95
	Asset Tag: 01092761
	Part Number: HMT151R7BFR4C-G7  
	Rank: 2

Handle 0x110E, DMI type 17, 28 bytes
Memory Device
	Array Handle: 0x1000
	Error Information Handle: Not Provided
	Total Width: 72 bits
	Data Width: 64 bits
	Size: 4096 MB
	Form Factor: DIMM
	Set: 6
	Locator: DIMM_B6 
	Bank Locator: Not Specified
	Type: DDR3
	Type Detail: Synchronous Registered (Buffered)
	Speed: 1066 MHz
	Manufacturer: 80AD00B380AD
	Serial Number: 16502B96
	Asset Tag: 01092761
	Part Number: HMT151R7BFR4C-G7  
	Rank: 2

